#
# A fatal error has been detected by the Java Runtime Environment:
#
#  Internal Error (os_windows_x86.cpp:114), pid=6988, tid=6100
#  Error: guarantee(result == -1,"Unexpected result from topLevelExceptionFilter")
#
# JRE version: 6.0_17-b04
# Java VM: Java HotSpot(TM) 64-Bit Server VM (14.3-b01 mixed mode windows-amd64 )
# If you would like to submit a bug report, please visit:
#   http://java.sun.com/webapps/bugreport/crash.jsp
# The crash happened outside the Java Virtual Machine in native code.
# See problematic frame for where to report the bug.
#

---------------  T H R E A D  ---------------

Current thread (0x0000000008200000):  JavaThread "main" [_thread_in_native, id=6100, stack(0x0000000000880000,0x0000000004880000)]

Stack: [0x0000000000880000,0x0000000004880000]
[error occurred during error reporting (printing stack bounds), id 0xc0000005]

Java frames: (J=compiled Java code, j=interpreted, Vv=VM code)
j  com.mathworks.jmi.NativeMatlab.ProcessPendingEvents()Z+0
j  com.mathworks.jmi.NativeMatlab.processPendingEvents()Z+8
j  com.mathworks.jmi.Matlab$ProcessPendingEvents.callBooleanMethod(Ljava/lang/Object;)Z+0
j  com.mathworks.util.FactoryUtils.processPendingEvents()Z+12
j  com.mathworks.widgets.desk.Desktop.canClose()Z+38
j  com.mathworks.mde.desk.MLDesktop.canClose()Z+113
j  com.mathworks.mde.desk.MLDesktop$2.call()Ljava/lang/Boolean;+4
j  com.mathworks.mde.desk.MLDesktop$2.call()Ljava/lang/Object;+1
j  com.mathworks.jmi.Matlab.isOkToExit()Z+54
v  ~StubRoutines::call_stub
j  com.mathworks.jmi.NativeMatlab.SendMatlabMessage(Ljava/lang/Object;)Ljava/lang/Object;+0
j  com.mathworks.jmi.NativeMatlab.sendMatlabMessage(Ljava/lang/Object;)Ljava/lang/Object;+22
j  com.mathworks.jmi.MatlabLooper.sendMatlabMessage(Lcom/mathworks/services/message/MWMessage;)Ljava/lang/Object;+20
j  com.mathworks.jmi.Matlab.mtFevalConsoleOutput(Ljava/lang/String;[Ljava/lang/Object;I)Ljava/lang/Object;+58
j  com.mathworks.mde.desk.MLDesktop$8.run()V+14
j  com.mathworks.jmi.NativeMatlab.dispatchMTRequests(Z)V+57
v  ~StubRoutines::call_stub

---------------  P R O C E S S  ---------------

Java Threads: ( => current thread )
  0x000000006445f000 JavaThread "Active Reference Queue Daemon" daemon [_thread_blocked, id=5200, stack(0x0000000016050000,0x00000000160d0000)]
  0x000000006445e000 JavaThread "Timer-81" daemon [_thread_blocked, id=6900, stack(0x0000000015fd0000,0x0000000016050000)]
  0x0000000064459800 JavaThread "Prefs Updater" daemon [_thread_blocked, id=5496, stack(0x0000000015ed0000,0x0000000015f50000)]
  0x000000006445c800 JavaThread "Timer-7" daemon [_thread_blocked, id=4552, stack(0x0000000069cb0000,0x0000000069d30000)]
  0x000000006445a000 JavaThread "Explorer NavigationContext request queue" [_thread_blocked, id=1728, stack(0x0000000069bb0000,0x0000000069c30000)]
  0x000000006445b000 JavaThread "AddressBar directory emptiness poller" [_thread_blocked, id=3000, stack(0x0000000067b90000,0x0000000067c10000)]
  0x0000000064e88800 JavaThread "Explorer Refresh Service 412999145" [_thread_blocked, id=6640, stack(0x0000000067b10000,0x0000000067b90000)]
  0x0000000064e8a000 JavaThread "Timer-1" daemon [_thread_blocked, id=2264, stack(0x000000000fed0000,0x000000000ff50000)]
  0x0000000064e88000 JavaThread "TimerQueue" daemon [_thread_blocked, id=5552, stack(0x000000000f810000,0x000000000f890000)]
  0x0000000064e84000 JavaThread "Thread-5" daemon [_thread_blocked, id=1476, stack(0x000000000d2b0000,0x000000000d330000)]
  0x0000000064e85800 JavaThread "AWT-EventQueue-0" [_thread_blocked, id=3628, stack(0x000000000d230000,0x000000000d2b0000)]
  0x0000000064e87000 JavaThread "AWT-Shutdown" [_thread_blocked, id=6864, stack(0x000000000d130000,0x000000000d1b0000)]
  0x0000000064e83800 JavaThread "FelixPackageAdmin" daemon [_thread_blocked, id=5920, stack(0x000000000ef70000,0x000000000eff0000)]
  0x0000000064a5f800 JavaThread "FelixStartLevel" daemon [_thread_blocked, id=2072, stack(0x000000000eef0000,0x000000000ef70000)]
  0x0000000064a5e800 JavaThread "FelixDispatchQueue" daemon [_thread_blocked, id=6908, stack(0x000000000ee70000,0x000000000eef0000)]
  0x0000000064e97800 JavaThread "com.google.common.base.internal.Finalizer" daemon [_thread_blocked, id=6004, stack(0x000000000d1b0000,0x000000000d230000)]
  0x000000000e6d6800 JavaThread "AWT-Windows" daemon [_thread_in_native, id=4288, stack(0x000000000d0b0000,0x000000000d130000)]
  0x0000000064428000 JavaThread "Java2D Disposer" daemon [_thread_blocked, id=4784, stack(0x000000000cfb0000,0x000000000d030000)]
  0x000000006428d000 JavaThread "Timer-0" [_thread_blocked, id=6280, stack(0x000000000cf30000,0x000000000cfb0000)]
  0x000000000f689000 JavaThread "EventMgr Dispatcher" daemon [_thread_in_native, id=4132, stack(0x0000000008f30000,0x000000000cf30000)]
  0x000000000e31d800 JavaThread "Low Memory Detector" daemon [_thread_blocked, id=2260, stack(0x000000000e5e0000,0x000000000e660000)]
  0x000000000e2f2000 JavaThread "CompilerThread1" daemon [_thread_blocked, id=2196, stack(0x000000005c250000,0x0000000060250000)]
  0x000000000e2f1000 JavaThread "CompilerThread0" daemon [_thread_blocked, id=4904, stack(0x0000000058250000,0x000000005c250000)]
  0x000000000e2ee800 JavaThread "Attach Listener" daemon [_thread_blocked, id=5636, stack(0x000000000e560000,0x000000000e5e0000)]
  0x000000000e2e4000 JavaThread "Finalizer" daemon [_thread_blocked, id=6880, stack(0x000000000e4e0000,0x000000000e560000)]
  0x00000000082d9800 JavaThread "Reference Handler" daemon [_thread_blocked, id=1388, stack(0x000000000e460000,0x000000000e4e0000)]
=>0x0000000008200000 JavaThread "main" [_thread_in_native, id=6100, stack(0x0000000000880000,0x0000000004880000)]

Other Threads:
  0x000000000e2e1800 VMThread [stack: 0x0000000054250000,0x0000000058250000] [id=5528]
  0x000000000e346000 WatcherThread [stack: 0x0000000060250000,0x0000000064250000] [id=3436]

VM state:not at safepoint (normal execution)

VM Mutex/Monitor currently owned by a thread: None

Heap
 PSYoungGen      total 17280K, used 4575K [0x0000000041150000, 0x0000000043690000, 0x0000000044250000)
  eden space 16384K, 22% used [0x0000000041150000,0x00000000414e8440,0x0000000042150000)
  from space 896K, 99% used [0x0000000043480000,0x000000004355f9e0,0x0000000043560000)
  to   space 1216K, 0% used [0x0000000043560000,0x0000000043560000,0x0000000043690000)
 PSOldGen        total 73984K, used 70594K [0x0000000037e50000, 0x000000003c690000, 0x0000000041150000)
  object space 73984K, 95% used [0x0000000037e50000,0x000000003c340bc8,0x000000003c690000)
 PSPermGen       total 114304K, used 70515K [0x000000002fe50000, 0x0000000036df0000, 0x0000000037e50000)
  object space 114304K, 61% used [0x000000002fe50000,0x000000003432cf48,0x0000000036df0000)

Dynamic libraries:
0x00007ff6f2fb0000 - 0x00007ff6f2fdd000 	C:\Program Files (x86)\Matlab\bin\win64\MATLAB.exe
0x00007fff229b0000 - 0x00007fff22b56000 	C:\WINDOWS\SYSTEM32\ntdll.dll
0x00007fff20710000 - 0x00007fff2084a000 	C:\WINDOWS\system32\KERNEL32.DLL
0x00007fff1fe40000 - 0x00007fff1ff4f000 	C:\WINDOWS\system32\KERNELBASE.dll
0x0000000074460000 - 0x000000007451f000 	C:\Program Files (x86)\Matlab\bin\win64\libut.dll
0x0000000180000000 - 0x00000001802dc000 	C:\Program Files (x86)\Matlab\bin\win64\libmwservices.dll
0x0000000074970000 - 0x0000000074a31000 	C:\Program Files (x86)\Matlab\bin\win64\mcr.dll
0x000000006a700000 - 0x000000006a7d3000 	C:\WINDOWS\WinSxS\amd64_microsoft.vc90.crt_1fc8b3b9a1e18e3b_9.0.30729.8387_none_08e793bfa83a89b5\MSVCP90.dll
0x000000006a650000 - 0x000000006a6f3000 	C:\WINDOWS\WinSxS\amd64_microsoft.vc90.crt_1fc8b3b9a1e18e3b_9.0.30729.8387_none_08e793bfa83a89b5\MSVCR90.dll
0x00000000758a0000 - 0x000000007595c000 	C:\Program Files (x86)\Matlab\bin\win64\libmwi18n.dll
0x0000000073f70000 - 0x000000007411d000 	C:\Program Files (x86)\Matlab\bin\win64\libmwfl.dll
0x000000007a3b0000 - 0x000000007a3c0000 	C:\Program Files (x86)\Matlab\bin\win64\boost_date_time-vc90-mt-1_44.dll
0x000000007a560000 - 0x000000007a569000 	C:\Program Files (x86)\Matlab\bin\win64\boost_system-vc90-mt-1_44.dll
0x000000007a2d0000 - 0x000000007a2e2000 	C:\Program Files (x86)\Matlab\bin\win64\boost_thread-vc90-mt-1_44.dll
0x0000000004a60000 - 0x0000000004b1d000 	C:\Program Files (x86)\Matlab\bin\win64\boost_log-vc90-mt-1_44.dll
0x000000006a890000 - 0x000000006aa01000 	C:\Program Files (x86)\Matlab\bin\win64\icuuc44.dll
0x000000006a870000 - 0x000000006a883000 	C:\Program Files (x86)\Matlab\bin\win64\icuio44.dll
0x0000000004b20000 - 0x0000000004b66000 	C:\Program Files (x86)\Matlab\bin\win64\tbb.dll
0x00007fff21040000 - 0x00007fff21047000 	C:\WINDOWS\system32\PSAPI.DLL
0x00007fff0f530000 - 0x00007fff0f6b8000 	C:\WINDOWS\SYSTEM32\dbghelp.dll
0x00007fff21050000 - 0x00007fff210f5000 	C:\WINDOWS\system32\ADVAPI32.dll
0x00007fff20850000 - 0x00007fff209c1000 	C:\WINDOWS\system32\USER32.dll
0x0000000075a20000 - 0x0000000075af3000 	C:\Program Files (x86)\Matlab\bin\win64\libmx.dll
0x0000000004b70000 - 0x0000000004bbd000 	C:\Program Files (x86)\Matlab\bin\win64\libmwregexp.dll
0x0000000004bc0000 - 0x0000000004be3000 	C:\Program Files (x86)\Matlab\bin\win64\libmwmfl_scalar.dll
0x0000000075f10000 - 0x0000000075f60000 	C:\Program Files (x86)\Matlab\bin\win64\mpath.dll
0x000000007b680000 - 0x000000007bc9a000 	C:\Program Files (x86)\Matlab\bin\win64\mlutil.dll
0x0000000004bf0000 - 0x0000000004fa6000 	C:\Program Files (x86)\Matlab\bin\win64\libmwMATLAB_res.dll
0x0000000004fb0000 - 0x0000000004fd0000 	C:\Program Files (x86)\Matlab\bin\win64\libmwMATLAB_settings_res.dll
0x000000007a170000 - 0x000000007a19c000 	C:\Program Files (x86)\Matlab\bin\win64\boost_filesystem-vc90-mt-1_44.dll
0x0000000004fd0000 - 0x0000000005017000 	C:\Program Files (x86)\Matlab\bin\win64\boost_serialization-vc90-mt-1_44.dll
0x00007fff20180000 - 0x00007fff20221000 	C:\WINDOWS\WinSxS\amd64_microsoft.windows.common-controls_6595b64144ccf1df_5.82.9600.16384_none_34a8918f959016ea\COMCTL32.dll
0x00007fff209d0000 - 0x00007fff20a6e000 	C:\WINDOWS\system32\COMDLG32.dll
0x00007fff1ad90000 - 0x00007fff1ada5000 	C:\WINDOWS\SYSTEM32\NETAPI32.dll
0x00007fff20dd0000 - 0x00007fff20e28000 	C:\WINDOWS\system32\WS2_32.dll
0x0000000005020000 - 0x0000000005273000 	C:\Program Files (x86)\Matlab\bin\win64\xerces-c_2_7.dll
0x00007fff215a0000 - 0x00007fff229af000 	C:\WINDOWS\system32\SHELL32.dll
0x00007fff212c0000 - 0x00007fff21438000 	C:\WINDOWS\system32\ole32.dll
0x00007fff20d00000 - 0x00007fff20dc1000 	C:\WINDOWS\system32\OLEAUT32.dll
0x0000000075000000 - 0x00000000753e9000 	C:\Program Files (x86)\Matlab\bin\win64\iqm.dll
0x0000000079fb0000 - 0x0000000079fe6000 	C:\Program Files (x86)\Matlab\bin\win64\libmwbridge.dll
0x000000006a840000 - 0x000000006a867000 	C:\Program Files (x86)\Matlab\bin\win64\libmex.dll
0x0000000074e80000 - 0x0000000074f38000 	C:\Program Files (x86)\Matlab\bin\win64\m_dispatcher.dll
0x00007fff04570000 - 0x00007fff04806000 	C:\Program Files (x86)\Matlab\bin\win64\mcos.dll
0x000000006a4c0000 - 0x000000006a612000 	C:\Program Files (x86)\Matlab\bin\win64\libmwgui.dll
0x0000000069150000 - 0x0000000069baf000 	C:\Program Files (x86)\Matlab\bin\win64\hg.dll
0x000000006a2b0000 - 0x000000006a3cf000 	C:\Program Files (x86)\Matlab\bin\win64\hgutils.dll
0x00007fff001c0000 - 0x00007fff00a31000 	C:\Program Files (x86)\Matlab\bin\win64\m_interpreter.dll
0x0000000075710000 - 0x00000000757de000 	C:\Program Files (x86)\Matlab\bin\win64\jmi.dll
0x0000000069090000 - 0x0000000069150000 	C:\Program Files (x86)\Matlab\bin\win64\udd_mi.dll
0x0000000005290000 - 0x0000000005561000 	C:\Program Files (x86)\Matlab\bin\win64\uiw.dll
0x000000006a810000 - 0x000000006a832000 	C:\Program Files (x86)\Matlab\bin\win64\mwoles05.DLL
0x000000006a440000 - 0x000000006a4bd000 	C:\Program Files (x86)\Matlab\bin\win64\comcli.dll
0x000000006a800000 - 0x000000006a80c000 	C:\Program Files (x86)\Matlab\bin\win64\mlautoregister.dll
0x0000000005570000 - 0x0000000005580000 	C:\Program Files (x86)\Matlab\bin\win64\boost_iostreams-vc90-mt-1_44.dll
0x00007fff20e90000 - 0x00007fff20fd4000 	C:\WINDOWS\system32\GDI32.dll
0x0000000005590000 - 0x000000000559b000 	C:\Program Files (x86)\Matlab\bin\win64\libmwresource_core.dll
0x000000007a010000 - 0x000000007a035000 	C:\Program Files (x86)\Matlab\bin\win64\LIBEXPAT.dll
0x0000000068e90000 - 0x0000000069081000 	C:\Program Files (x86)\Matlab\bin\win64\icuin44.dll
0x000000007a250000 - 0x000000007a263000 	C:\Program Files (x86)\Matlab\bin\win64\boost_signals-vc90-mt-1_44.dll
0x00007fff212a0000 - 0x00007fff212b5000 	C:\WINDOWS\system32\imagehlp.dll
0x0000000010000000 - 0x0000000010e41000 	C:\Program Files (x86)\Matlab\bin\win64\icudt44.dll
0x00007fff20230000 - 0x00007fff202d7000 	C:\WINDOWS\system32\msvcrt.dll
0x00007fff20380000 - 0x00007fff203d7000 	C:\WINDOWS\SYSTEM32\sechost.dll
0x00007fff203e0000 - 0x00007fff20517000 	C:\WINDOWS\system32\RPCRT4.dll
0x0000000005630000 - 0x0000000005659000 	C:\Program Files (x86)\Matlab\bin\win64\tbbmalloc.dll
0x000000007a210000 - 0x000000007a228000 	C:\Program Files (x86)\Matlab\bin\win64\zlib1.dll
0x00000000754d0000 - 0x0000000075551000 	C:\Program Files (x86)\Matlab\bin\win64\xmlcore.dll
0x00007fff202e0000 - 0x00007fff20331000 	C:\WINDOWS\system32\SHLWAPI.dll
0x00007fff1ef80000 - 0x00007fff1ef8c000 	C:\WINDOWS\SYSTEM32\netutils.dll
0x00007fff1f8f0000 - 0x00007fff1f915000 	C:\WINDOWS\SYSTEM32\srvcli.dll
0x00007fff19d80000 - 0x00007fff19d96000 	C:\WINDOWS\SYSTEM32\wkscli.dll
0x00007fff21590000 - 0x00007fff21599000 	C:\WINDOWS\system32\NSI.dll
0x00007fff20a70000 - 0x00007fff20c46000 	C:\WINDOWS\SYSTEM32\combase.dll
0x0000000068dc0000 - 0x0000000068e88000 	C:\Program Files (x86)\Matlab\bin\win64\udd.dll
0x0000000074880000 - 0x000000007496d000 	C:\Program Files (x86)\Matlab\bin\win64\boost_regex-vc90-mt-1_44.dll
0x000000006a7e0000 - 0x000000006a7f7000 	C:\Program Files (x86)\Matlab\bin\win64\graphics_util.dll
0x0000000076100000 - 0x0000000076168000 	C:\Program Files (x86)\Matlab\bin\win64\libmat.dll
0x000000006a260000 - 0x000000006a2a6000 	C:\Program Files (x86)\Matlab\bin\win64\libmwhardcopy.dll
0x0000000068d50000 - 0x0000000068db3000 	C:\Program Files (x86)\Matlab\bin\win64\libuij.dll
0x0000000068ae0000 - 0x0000000068d44000 	C:\Program Files (x86)\Matlab\bin\win64\hgdatatypes.dll
0x0000000005760000 - 0x00000000057e5000 	C:\Program Files (x86)\Matlab\bin\win64\libmwlapack.dll
0x00000000057f0000 - 0x000000000582b000 	C:\Program Files (x86)\Matlab\bin\win64\libmwgbtutils.dll
0x0000000005830000 - 0x000000000584b000 	C:\Program Files (x86)\Matlab\bin\win64\libmwgbt.dll
0x00000000685f0000 - 0x0000000068ad4000 	C:\WINDOWS\WinSxS\amd64_microsoft.vc90.mfc_1fc8b3b9a1e18e3b_9.0.30729.6161_none_044aad0bab1eb146\mfc90.dll
0x00007fff1afc0000 - 0x00007fff1b03b000 	C:\WINDOWS\SYSTEM32\WINSPOOL.DRV
0x0000000068560000 - 0x00000000685e4000 	C:\Program Files (x86)\Matlab\bin\win64\profiler.dll
0x0000000005870000 - 0x0000000005ada000 	C:\Program Files (x86)\Matlab\bin\win64\libmwmathutil.dll
0x0000000079f40000 - 0x0000000079f6e000 	C:\Program Files (x86)\Matlab\bin\win64\libmwmathrng.dll
0x000000006a230000 - 0x000000006a251000 	C:\Program Files (x86)\Matlab\bin\win64\m_pcodeio.dll
0x0000000079b10000 - 0x0000000079b77000 	C:\Program Files (x86)\Matlab\bin\win64\m_ir.dll
0x0000000067ef0000 - 0x0000000068560000 	C:\Program Files (x86)\Matlab\bin\win64\m_parser.dll
0x0000000067eb0000 - 0x0000000067ee1000 	C:\Program Files (x86)\Matlab\bin\win64\m_pcodegen.dll
0x0000000005ae0000 - 0x0000000005b4a000 	C:\Program Files (x86)\Matlab\bin\win64\libmwspmatrix.dll
0x0000000005b60000 - 0x0000000005b6d000 	C:\Program Files (x86)\Matlab\bin\win64\nativejava_services.dll
0x000000006a430000 - 0x000000006a43f000 	C:\Program Files (x86)\Matlab\bin\win64\uinone.dll
0x0000000005b90000 - 0x0000000005bb9000 	C:\Program Files (x86)\Matlab\bin\win64\libmwnativefiledialogs.dll
0x00007fff141a0000 - 0x00007fff141bb000 	C:\WINDOWS\SYSTEM32\MPR.dll
0x000000006a620000 - 0x000000006a64f000 	C:\WINDOWS\WinSxS\amd64_microsoft.vc90.atl_1fc8b3b9a1e18e3b_9.0.30729.6161_none_0a1fd3a3a768b895\ATL90.DLL
0x0000000072d30000 - 0x0000000072f44000 	C:\Program Files (x86)\Matlab\bin\win64\hdf5dll.dll
0x000000007a310000 - 0x000000007a321000 	C:\Program Files (x86)\Matlab\bin\win64\libmwbinder.dll
0x000000007a4d0000 - 0x000000007a4dc000 	C:\Program Files (x86)\Matlab\bin\win64\libmwompwrapper.dll
0x00007fff1dd80000 - 0x00007fff1dd87000 	C:\WINDOWS\SYSTEM32\MSIMG32.dll
0x0000000005d40000 - 0x0000000005d52000 	C:\Program Files (x86)\Matlab\bin\win64\libmwmfl_rng.dll
0x0000000074c10000 - 0x0000000074cee000 	C:\Program Files (x86)\Matlab\bin\win64\libmwmathcore.dll
0x000000006a210000 - 0x000000006a22a000 	C:\Program Files (x86)\Matlab\bin\win64\ir_xfmr.dll
0x0000000067e90000 - 0x0000000067ea1000 	C:\Program Files (x86)\Matlab\bin\win64\mtok.dll
0x0000000005de0000 - 0x0000000005de8000 	C:\Program Files (x86)\Matlab\bin\win64\libmwplatform_res.dll
0x00007fff1e8b0000 - 0x00007fff1e94f000 	C:\WINDOWS\SYSTEM32\SHCORE.DLL
0x0000000075ea0000 - 0x0000000075f02000 	C:\Program Files (x86)\Matlab\bin\win64\libmwcholmod.dll
0x000000007a460000 - 0x000000007a46d000 	C:\Program Files (x86)\Matlab\bin\win64\libmwamd.dll
0x000000007a4b0000 - 0x000000007a4bc000 	C:\Program Files (x86)\Matlab\bin\win64\libmwcolamd.dll
0x000000007a290000 - 0x000000007a2a9000 	C:\Program Files (x86)\Matlab\bin\win64\libmwblas.dll
0x00007fff20340000 - 0x00007fff20374000 	C:\WINDOWS\system32\IMM32.DLL
0x00007fff21450000 - 0x00007fff21589000 	C:\WINDOWS\system32\MSCTF.dll
0x00007fff1fce0000 - 0x00007fff1fd0f000 	C:\Windows\system32\nvinitx.dll
0x000000000f000000 - 0x000000000f006000 	C:\Program Files\NVIDIA Corporation\CoProcManager\detoured.dll
0x00007fff12d60000 - 0x00007fff12dbf000 	C:\Program Files\NVIDIA Corporation\CoProcManager\nvd3d9wrapx.dll
0x00007fff20520000 - 0x00007fff206f4000 	C:\WINDOWS\system32\SETUPAPI.dll
0x00007fff20130000 - 0x00007fff2017a000 	C:\WINDOWS\system32\CFGMGR32.dll
0x00007fff0dfb0000 - 0x00007fff0dff6000 	C:\Program Files\NVIDIA Corporation\CoProcManager\nvdxgiwrapx.dll
0x00007fff1e9d0000 - 0x00007fff1eaf1000 	C:\WINDOWS\system32\UxTheme.dll
0x00007fff1e5e0000 - 0x00007fff1e600000 	C:\WINDOWS\system32\dwmapi.dll
0x0000000067e80000 - 0x0000000067e8d000 	C:\WINDOWS\WinSxS\amd64_microsoft.vc90.mfcloc_1fc8b3b9a1e18e3b_9.0.30729.6161_none_01c9581e60cbee58\MFC90ENU.DLL
0x00007fff1fd20000 - 0x00007fff1fd34000 	C:\WINDOWS\SYSTEM32\profapi.dll
0x0000000005f60000 - 0x0000000005f6f000 	C:\Program Files (x86)\Matlab\bin\win64\xmlxrcsc.dll
0x00007fff1eba0000 - 0x00007fff1ebaa000 	C:\WINDOWS\SYSTEM32\kernel.appcore.dll
0x00007fff1fbc0000 - 0x00007fff1fbca000 	C:\WINDOWS\SYSTEM32\CRYPTBASE.dll

VM Arguments:
jvm_args: -Xss512k -XX:PermSize=32m -Xms64m -XX:NewRatio=3 -XX:MaxPermSize=128m -Xmx196m -XX:MaxDirectMemorySize=2147400000 -Dsun.java2d.noddraw=true -Dsun.awt.nopixfmt=true -Xshare:off -Xrs -Dsun.awt.disableMixing=true -Djava.library.path=C:\Program Files (x86)\Matlab\bin\win64;C:\Program Files (x86)\Matlab\sys\jxbrowser\win64\lib vfprintf abort 
java_command: <unknown>
Launcher Type: generic

Environment Variables:
PATH=C:\ProgramData\Oracle\Java\javapath;C:\Program Files (x86)\NVIDIA Corporation\PhysX\Common;C:\WINDOWS\system32;C:\WINDOWS;C:\WINDOWS\System32\Wbem;C:\WINDOWS\System32\WindowsPowerShell\v1.0\;C:\Program Files (x86)\Microsoft SQL Server\100\Tools\Binn\;C:\Program Files\Microsoft SQL Server\100\Tools\Binn\;C:\Program Files\Microsoft SQL Server\100\DTS\Binn\;C:\Program Files (x86)\Matlab\runtime\win64;C:\Program Files (x86)\Matlab\bin;C:\Python27;C:\Program Files (x86)\Windows Kits\8.1\Windows Performance Toolkit\;C:\Program Files\MySQL\MySQL Enterprise Backup 3.10.1\;C:\Program Files (x86)\MySQL\MySQL Utilities 1.3.6\;C:\Program Files (x86)\MiKTeX 2.9\miktex\bin\x64\;C:\Program Files\Google\Cloud SDK\google-cloud-sdk\bin;C:\Program Files (x86)\SSH Communications Security\SSH Secure Shell
USERNAME=Zhixian
OS=Windows_NT
PROCESSOR_IDENTIFIER=Intel64 Family 6 Model 58 Stepping 9, GenuineIntel



---------------  S Y S T E M  ---------------

OS: Windows NT 6.2 Build 9200 

CPU:total 4 (8 cores per cpu, 2 threads per core) family 6 model 58 stepping 9, cmov, cx8, fxsr, mmx, sse, sse2, sse3, ssse3, sse4.1, sse4.2, ht

Memory: 4k page, physical 8078976k(4795252k free), swap 9389696k(5156476k free)

vm_info: Java HotSpot(TM) 64-Bit Server VM (14.3-b01) for windows-amd64 JRE (1.6.0_17-b04), built on Oct 11 2009 00:46:08 by "java_re" with MS VC++ 8.0

time: Sun Feb 01 20:04:56 2015
elapsed time: 23150 seconds

